<?xml version="1.0" encoding="UTF-8" ?>
<testsuite tests="3" failures="0" name="ibm.maven.plugins.ace.mojos.ValidateConfigurablePropertiesMojoUnitTest" time="0.093" errors="0" skipped="0">
  <properties>
    <property name="java.vendor" value="IBM Corporation"/>
    <property name="sun.java.launcher" value="SUN_STANDARD"/>
    <property name="os.name" value="Linux"/>
    <property name="sun.boot.class.path" value="/opt/IBM/ace-11.0.0.20/common/jdk/jre/lib/amd64/compressedrefs/jclSC180/vm.jar:/opt/IBM/ace-11.0.0.20/common/jdk/jre/lib/se-service.jar:/opt/IBM/ace-11.0.0.20/common/jdk/jre/lib/math.jar:/opt/IBM/ace-11.0.0.20/common/jdk/jre/lib/ibmorb.jar:/opt/IBM/ace-11.0.0.20/common/jdk/jre/lib/ibmorbapi.jar:/opt/IBM/ace-11.0.0.20/common/jdk/jre/lib/ibmcfw.jar:/opt/IBM/ace-11.0.0.20/common/jdk/jre/lib/ibmpkcs.jar:/opt/IBM/ace-11.0.0.20/common/jdk/jre/lib/ibmcertpathfw.jar:/opt/IBM/ace-11.0.0.20/common/jdk/jre/lib/ibmjgssfw.jar:/opt/IBM/ace-11.0.0.20/common/jdk/jre/lib/ibmjssefw.jar:/opt/IBM/ace-11.0.0.20/common/jdk/jre/lib/ibmsaslfw.jar:/opt/IBM/ace-11.0.0.20/common/jdk/jre/lib/ibmjcefw.jar:/opt/IBM/ace-11.0.0.20/common/jdk/jre/lib/ibmjgssprovider.jar:/opt/IBM/ace-11.0.0.20/common/jdk/jre/lib/ibmjsseprovider2.jar:/opt/IBM/ace-11.0.0.20/common/jdk/jre/lib/ibmcertpathprovider.jar:/opt/IBM/ace-11.0.0.20/common/jdk/jre/lib/xmldsigfw.jar:/opt/IBM/ace-11.0.0.20/common/jdk/jre/lib/xml.jar:/opt/IBM/ace-11.0.0.20/common/jdk/jre/lib/charsets.jar:/opt/IBM/ace-11.0.0.20/common/jdk/jre/lib/resources.jar:/opt/IBM/ace-11.0.0.20/common/jdk/jre/lib/rt.jar:/opt/IBM/ace-11.0.0.20/common/jdk/jre/lib/dataaccess.jar"/>
    <property name="java.vm.specification.vendor" value="Oracle Corporation"/>
    <property name="java.runtime.version" value="8.0.7.11 - pxa6480sr7fp11-20220601_01(SR7 FP11)"/>
    <property name="user.name" value="root"/>
    <property name="java.compiler" value="j9jit29"/>
    <property name="os.encoding" value="UTF-8"/>
    <property name="guice.disable.misplaced.annotation.check" value="true"/>
    <property name="com.ibm.util.extralibs.properties" value=""/>
    <property name="com.ibm.jcl.checkClassPath" value=""/>
    <property name="user.language" value="en"/>
    <property name="com.ibm.oti.vm.bootstrap.library.path" value="/opt/IBM/ace-11.0.0.20/common/jdk/jre/lib/amd64/compressedrefs:/opt/IBM/ace-11.0.0.20/common/jdk/jre/lib/amd64"/>
    <property name="sun.boot.library.path" value="/opt/IBM/ace-11.0.0.20/common/jdk/jre/lib/amd64/compressedrefs:/opt/IBM/ace-11.0.0.20/common/jdk/jre/lib/amd64"/>
    <property name="classworlds.conf" value="/opt/apache-maven-3.6.3/bin/m2.conf"/>
    <property name="java.version" value="1.8.0_331"/>
    <property name="user.timezone" value="UTC"/>
    <property name="com.ibm.system.agent.path" value="/opt/IBM/ace-11.0.0.20/common/jdk/jre/lib/amd64"/>
    <property name="sun.arch.data.model" value="64"/>
    <property name="com.ibm.zero.version" value="2"/>
    <property name="java.endorsed.dirs" value="/opt/IBM/ace-11.0.0.20/common/jdk/jre/lib/endorsed"/>
    <property name="com.ibm.oti.vm.library.version" value="29"/>
    <property name="sun.jnu.encoding" value="UTF-8"/>
    <property name="file.encoding.pkg" value="sun.io"/>
    <property name="file.separator" value="/"/>
    <property name="java.specification.name" value="Java Platform API Specification"/>
    <property name="maven.conf" value="/opt/apache-maven-3.6.3/conf"/>
    <property name="java.class.version" value="52.0"/>
    <property name="user.country" value="US"/>
    <property name="securerandom.source" value="file:/dev/./urandom"/>
    <property name="java.home" value="/opt/IBM/ace-11.0.0.20/common/jdk/jre"/>
    <property name="java.vm.info" value="JRE 1.8.0 Linux amd64-64-Bit Compressed References 20220511_28614 (JIT enabled, AOT enabled)
OpenJ9   - 844d750
OMR      - d297a72
IBM      - 7175f82"/>
    <property name="os.version" value="5.4.0-146-generic"/>
    <property name="sun.font.fontmanager" value="sun.awt.X11FontManager"/>
    <property name="java.awt.fonts" value=""/>
    <property name="path.separator" value=":"/>
    <property name="java.vm.version" value="2.9"/>
    <property name="user.variant" value=""/>
    <property name="java.awt.printerjob" value="sun.print.PSPrinterJob"/>
    <property name="sun.io.unicode.encoding" value="UnicodeLittle"/>
    <property name="awt.toolkit" value="sun.awt.X11.XToolkit"/>
    <property name="java.lang.stringBuffer.growAggressively" value="false"/>
    <property name="ibm.signalhandling.sigint" value="true"/>
    <property name="user.home" value="/root"/>
    <property name="com.ibm.cpu.endian" value="little"/>
    <property name="java.specification.vendor" value="Oracle Corporation"/>
    <property name="ibm.signalhandling.sigchain" value="true"/>
    <property name="library.jansi.path" value="/opt/apache-maven-3.6.3/lib/jansi-native"/>
    <property name="java.library.path" value="/opt/IBM/ace-11.0.0.20/common/jdk/jre/lib/amd64/compressedrefs:/opt/IBM/ace-11.0.0.20/common/jdk/jre/lib/amd64:/opt/IBM/ace-11.0.0.20/common/jdk/jre/lib/amd64:/opt/IBM/ace-11.0.0.20/common/jdk/jre/lib/amd64/classic:/opt/IBM/ace-11.0.0.20/common/jdk/jre/lib/icc:/opt/IBM/ace-11.0.0.20/ie02/lib:/var/mqsi/extensions/11.0.0/server/lib:/var/mqsi/extensions/11.0.0/lib:/opt/IBM/ace-11.0.0.20/server/xml4c/lib:/opt/IBM/ace-11.0.0.20/server/lib:/opt/IBM/ace-11.0.0.20/server/bin:/opt/IBM/ace-11.0.0.20/server/ODBC/drivers/lib:/opt/IBM/ace-11.0.0.20/server/xlxpc/lib:/opt/IBM/ace-11.0.0.20/server/dfdlc/lib:/usr/lib64:/usr/lib"/>
    <property name="java.vendor.url" value="http://www.ibm.com"/>
    <property name="java.vm.vendor" value="IBM Corporation"/>
    <property name="java.fullversion" value="8.0.7.11 - pxa6480sr7fp11-20220601_01(SR7 FP11)
JRE 1.8.0 Linux amd64-64-Bit Compressed References 20220511_28614 (JIT enabled, AOT enabled)
OpenJ9   - 844d750
OMR      - d297a72
IBM      - 7175f82"/>
    <property name="maven.home" value="/opt/apache-maven-3.6.3"/>
    <property name="java.runtime.name" value="Java(TM) SE Runtime Environment"/>
    <property name="sun.java.command" value="org.codehaus.plexus.classworlds.launcher.Launcher clean install"/>
    <property name="java.class.path" value="/opt/apache-maven-3.6.3/boot/plexus-classworlds-2.6.0.jar"/>
    <property name="java.vm.specification.name" value="Java Virtual Machine Specification"/>
    <property name="sun.java.launcher.pid" value="5611"/>
    <property name="java.vm.specification.version" value="1.8"/>
    <property name="sun.cpu.endian" value="little"/>
    <property name="java.io.tmpdir" value="/tmp"/>
    <property name="maven.multiModuleProjectDirectory" value="/data/ace-maven-plugin/ace-maven-plugin/ace-maven-plugin"/>
    <property name="ibm.system.encoding" value="UTF-8"/>
    <property name="os.arch" value="amd64"/>
    <property name="java.awt.graphicsenv" value="sun.awt.X11GraphicsEnvironment"/>
    <property name="ibm.signalhandling.rs" value="false"/>
    <property name="java.ext.dirs" value="/opt/IBM/ace-11.0.0.20/common/jdk/jre/lib/ext"/>
    <property name="user.dir" value="/data/ace-maven-plugin/ace-maven-plugin/ace-maven-plugin"/>
    <property name="line.separator" value="
"/>
    <property name="java.vm.name" value="IBM J9 VM"/>
    <property name="com.ibm.oti.shared.enabled" value="false"/>
    <property name="com.ibm.vm.bitmode" value="64"/>
    <property name="file.encoding" value="UTF-8"/>
    <property name="com.ibm.oti.configuration" value="scar"/>
    <property name="java.specification.version" value="1.8"/>
  </properties>
  <testcase classname="ibm.maven.plugins.ace.mojos.ValidateConfigurablePropertiesMojoUnitTest" name="getIndentationTest" time="0"/>
  <testcase classname="ibm.maven.plugins.ace.mojos.ValidateConfigurablePropertiesMojoUnitTest" name="getConfigurablePropertiesTest" time="0.091"/>
  <testcase classname="ibm.maven.plugins.ace.mojos.ValidateConfigurablePropertiesMojoUnitTest" name="getTraceFileParameterTest" time="0.002"/>
</testsuite>